#
# A fatal error has been detected by the Java Runtime Environment:
#
#  EXCEPTION_ACCESS_VIOLATION (0xc0000005) at pc=0x00007ffab49a22ed, pid=12820, tid=11696
#
# JRE version: Java(TM) SE Runtime Environment (17.0+35) (build 17+35-LTS-2724)
# Java VM: Java HotSpot(TM) 64-Bit Server VM (17+35-LTS-2724, mixed mode, sharing, tiered, compressed oops, compressed class ptrs, g1 gc, windows-amd64)
# Problematic frame:
# C  [glass.dll+0x222ed]
#
# No core dump will be written. Minidumps are not enabled by default on client versions of Windows
#
# If you would like to submit a bug report, please visit:
#   https://bugreport.java.com/bugreport/crash.jsp
# The crash happened outside the Java Virtual Machine in native code.
# See problematic frame for where to report the bug.
#

---------------  S U M M A R Y ------------

Command Line: -javaagent:D:\Program Files\JetBrains\IntelliJ IDEA Community Edition 2021.1.2\lib\idea_rt.jar=49474:D:\Program Files\JetBrains\IntelliJ IDEA Community Edition 2021.1.2\bin -Dfile.encoding=UTF-8 --module-path=C:\Users\Asus\.m2\repository\org\openjfx\javafx-graphics\17-ea+11\javafx-graphics-17-ea+11-win.jar;C:\Users\Asus\.m2\repository\org\openjfx\javafx-media\17-ea+11\javafx-media-17-ea+11-win.jar;C:\Users\Asus\.m2\repository\org\openjfx\javafx-fxml\17-ea+11\javafx-fxml-17-ea+11-win.jar;D:\JavaProjects\javafx5\target\classes;C:\Users\Asus\.m2\repository\org\openjfx\javafx-web\17-ea+11\javafx-web-17-ea+11-win.jar;C:\Users\Asus\.m2\repository\org\openjfx\javafx-controls\17-ea+11\javafx-controls-17-ea+11-win.jar;C:\Users\Asus\.m2\repository\org\openjfx\javafx-base\17-ea+11\javafx-base-17-ea+11-win.jar -Djdk.module.main=com.example.javafx5 com.example.javafx5/com.example.javafx5.HelloApplication --add-modules javafx.controls,javafx.media

Host: Intel(R) Core(TM) i3-8130U CPU @ 2.20GHz, 4 cores, 11G,  Windows 10 , 64 bit Build 18362 (10.0.18362.86)
Time: Sat Sep 25 21:25:26 2021 Финландия - лятно часово време elapsed time: 470.291076 seconds (0d 0h 7m 50s)

---------------  T H R E A D  ---------------

Current thread (0x0000026db6508240):  JavaThread "JavaFX Application Thread" [_thread_in_native, id=11696, stack(0x000000c906d00000,0x000000c906e00000)]

Stack: [0x000000c906d00000,0x000000c906e00000],  sp=0x000000c906dfc7e0,  free space=1009k
Native frames: (J=compiled Java code, j=interpreted, Vv=VM code, C=native code)
C  [glass.dll+0x222ed]

Java frames: (J=compiled Java code, j=interpreted, Vv=VM code)
j  com.sun.glass.ui.win.WinWindow._close(J)Z+0 javafx.graphics
j  com.sun.glass.ui.Window.close()V+63 javafx.graphics
j  com.sun.glass.ui.win.WinWindow.close()V+8 javafx.graphics
j  com.sun.javafx.tk.quantum.WindowStage.lambda$close$4()Ljava/lang/Object;+42 javafx.graphics
j  com.sun.javafx.tk.quantum.WindowStage$$Lambda$714+0x0000000800f5ede8.get()Ljava/lang/Object;+4 javafx.graphics
j  com.sun.javafx.tk.quantum.QuantumToolkit.runWithRenderLock(Ljava/util/function/Supplier;)Ljava/lang/Object;+7 javafx.graphics
j  com.sun.javafx.tk.quantum.WindowStage.close()V+10 javafx.graphics
j  javafx.stage.Window$12.invalidated()V+689 javafx.graphics
J 10742 c2 javafx.beans.property.BooleanPropertyBase.set(Z)V javafx.base (76 bytes) @ 0x0000026da469e70c [0x0000026da469e6a0+0x000000000000006c]
j  javafx.stage.Window.setShowing(Z)V+11 javafx.graphics
j  javafx.stage.Window.hide()V+2 javafx.graphics
J 10465 c1 com.sun.javafx.stage.WindowCloseRequestHandler.dispatchBubblingEvent(Ljavafx/event/Event;)Ljavafx/event/Event; javafx.graphics (23 bytes) @ 0x0000026d9cfdfff4 [0x0000026d9cfdfde0+0x0000000000000214]
J 10981 c2 com.sun.javafx.event.CompositeEventDispatcher.dispatchBubblingEvent(Ljavafx/event/Event;)Ljavafx/event/Event; javafx.base (35 bytes) @ 0x0000026da4a4e504 [0x0000026da4a4e4a0+0x0000000000000064]
J 8251 c2 com.sun.javafx.event.BasicEventDispatcher.dispatchEvent(Ljavafx/event/Event;Ljavafx/event/EventDispatchChain;)Ljavafx/event/Event; javafx.base (44 bytes) @ 0x0000026da46fa868 [0x0000026da46fa720+0x0000000000000148]
J 6709 c2 com.sun.javafx.event.EventDispatchChainImpl.dispatchEvent(Ljavafx/event/Event;)Ljavafx/event/Event; javafx.base (101 bytes) @ 0x0000026da4391264 [0x0000026da43911a0+0x00000000000000c4]
J 10534 c1 com.sun.javafx.event.EventUtil.fireEvent(Ljavafx/event/EventTarget;Ljavafx/event/Event;)Ljavafx/event/Event; javafx.base (81 bytes) @ 0x0000026d9da303b4 [0x0000026d9da2fa40+0x0000000000000974]
J 4665 c1 javafx.event.Event.fireEvent(Ljavafx/event/EventTarget;Ljavafx/event/Event;)V javafx.base (35 bytes) @ 0x0000026d9d63d924 [0x0000026d9d63d860+0x00000000000000c4]
j  com.sun.javafx.stage.WindowPeerListener.closing()V+18 javafx.graphics
j  com.sun.javafx.tk.quantum.GlassWindowEventHandler.run()Ljava/lang/Void;+640 javafx.graphics
j  com.sun.javafx.tk.quantum.GlassWindowEventHandler.run()Ljava/lang/Object;+1 javafx.graphics
J 2845 c1 java.security.AccessController.doPrivileged(Ljava/security/PrivilegedAction;Ljava/security/AccessControlContext;)Ljava/lang/Object; java.base@17 (17 bytes) @ 0x0000026d9d27485c [0x0000026d9d274680+0x00000000000001dc]
j  com.sun.javafx.tk.quantum.GlassWindowEventHandler.lambda$handleWindowEvent$4()Ljava/lang/Void;+10 javafx.graphics
j  com.sun.javafx.tk.quantum.GlassWindowEventHandler$$Lambda$349+0x0000000800e80660.get()Ljava/lang/Object;+4 javafx.graphics
J 4621 c1 com.sun.javafx.tk.quantum.QuantumToolkit.runWithoutRenderLock(Ljava/util/function/Supplier;)Ljava/lang/Object; javafx.graphics (49 bytes) @ 0x0000026d9d627564 [0x0000026d9d627060+0x0000000000000504]
j  com.sun.javafx.tk.quantum.GlassWindowEventHandler.handleWindowEvent(Lcom/sun/glass/ui/Window;JI)V+17 javafx.graphics
j  com.sun.glass.ui.Window.handleWindowEvent(JI)V+14 javafx.graphics
j  com.sun.glass.ui.Window.notifyClose()V+7 javafx.graphics
v  ~StubRoutines::call_stub
j  com.sun.glass.ui.win.WinApplication._runLoop(Ljava/lang/Runnable;)V+0 javafx.graphics
j  com.sun.glass.ui.win.WinApplication.lambda$runLoop$3(ILjava/lang/Runnable;)V+8 javafx.graphics
j  com.sun.glass.ui.win.WinApplication$$Lambda$78+0x0000000800c2b348.run()V+12 javafx.graphics
j  java.lang.Thread.run()V+11 java.base@17
v  ~StubRoutines::call_stub

siginfo: EXCEPTION_ACCESS_VIOLATION (0xc0000005), reading address 0xffffffffffffffff


Register to memory mapping:

RIP=0x00007ffab49a22ed glass.dll
RAX=0x302454ff58244c8b is an unknown value
RBX=0x0000026db6963658 points into unknown readable memory: 0x00007ffab49a9ff8 | f8 9f 9a b4 fa 7f 00 00
RCX=0x0000026e037608e0 points into unknown readable memory: 0x302454ff58244c8b | 8b 4c 24 58 ff 54 24 30
RDX=0x000000c904e76000 points into unknown readable memory: 0x0000000004000000 | 00 00 00 04 00 00 00 00
RSP=0x000000c906dfc7e0 is pointing into the stack for thread: 0x0000026db6508240
RBP=0x0 is NULL
RSI=0x0000000000000401 is an unknown value
RDI=0x0 is NULL
R8 =0x0000026d92dd0d80 points into unknown readable memory: 0x0000026d92dd0cc0 | c0 0c dd 92 6d 02 00 00
R9 =0x0000000000000001 is an unknown value
R10=0x0000000000008000 is an unknown value
R11=0x000000c906dfc740 is pointing into the stack for thread: 0x0000026db6508240
R12=0x0000000000000401 is an unknown value
R13=0x00000000003e0550 is an unknown value
R14=0x0 is NULL
R15=0x0 is NULL


Registers:
RAX=0x302454ff58244c8b, RBX=0x0000026db6963658, RCX=0x0000026e037608e0, RDX=0x000000c904e76000
RSP=0x000000c906dfc7e0, RBP=0x0000000000000000, RSI=0x0000000000000401, RDI=0x0000000000000000
R8 =0x0000026d92dd0d80, R9 =0x0000000000000001, R10=0x0000000000008000, R11=0x000000c906dfc740
R12=0x0000000000000401, R13=0x00000000003e0550, R14=0x0000000000000000, R15=0x0000000000000000
RIP=0x00007ffab49a22ed, EFLAGS=0x0000000000010202

Top of Stack: (sp=0x000000c906dfc7e0)
0x000000c906dfc7e0:   0000000000000000 000000c900000000
0x000000c906dfc7f0:   000000000018c0bc 00007ffab49a75c0
0x000000c906dfc800:   000000c906dfcb50 00007ffab499a853
0x000000c906dfc810:   0000026db6963630 000000c900000000
0x000000c906dfc820:   0000000000000401 0000026d933c2e00
0x000000c906dfc830:   0000026db6507b70 00007ffab498a395
0x000000c906dfc840:   000000c906dfcb50 0000026db6508201
0x000000c906dfc850:   000000000000c0bc 00007ffa00000001
0x000000c906dfc860:   0000000000000000 00007ffab49817bb
0x000000c906dfc870:   0000026db6507b70 000000c906dfcb50
0x000000c906dfc880:   0000000000000401 00000000003e0550
0x000000c906dfc890:   0000000000000000 00007ffad7aa681d
0x000000c906dfc8a0:   0000000000000001 000000c906dfca90
0x000000c906dfc8b0:   0000000000000000 0000000080000022
0x000000c906dfc8c0:   00009a5b6e43be5e 00007ffa78b953b1
0x000000c906dfc8d0:   000000c906dfc9e0 0000026db6508201 

Instructions: (pc=0x00007ffab49a22ed)
0x00007ffab49a21ed:   48 83 79 08 00 48 8b c2 48 8b d9 74 62 48 8d 54
0x00007ffab49a21fd:   24 30 48 8b c8 ff 15 a8 73 01 00 85 c0 74 50 48
0x00007ffab49a220d:   89 7c 24 70 e8 7a d3 ff ff 48 8b 4b 08 48 8b f8
0x00007ffab49a221d:   48 85 c9 74 06 48 8b 51 08 eb 02 33 d2 8b 44 24
0x00007ffab49a222d:   3c 48 8b cf 44 8b 4c 24 38 2b 44 24 34 44 2b 4c
0x00007ffab49a223d:   24 30 4c 8b 05 72 7c 01 00 89 44 24 20 e8 61 2e
0x00007ffab49a224d:   fe ff 48 8b cf e8 59 d2 ff ff 48 8b 7c 24 70 48
0x00007ffab49a225d:   8b 4c 24 40 48 33 cc e8 c7 16 00 00 48 83 c4 50
0x00007ffab49a226d:   5b c3 cc 40 53 48 83 ec 20 48 8b d9 48 8b 49 30
0x00007ffab49a227d:   48 85 c9 74 0a ba 08 00 00 00 e8 04 16 00 00 ba
0x00007ffab49a228d:   08 00 00 00 48 c7 43 30 00 00 00 00 33 c9 48 83
0x00007ffab49a229d:   c4 20 5b e9 eb 15 00 00 cc cc cc cc cc cc cc cc
0x00007ffab49a22ad:   cc cc cc 48 89 5c 24 08 57 48 83 ec 20 48 8b d9
0x00007ffab49a22bd:   ff 15 25 4f 00 00 33 ff 3c 06 77 18 ff 15 19 4f
0x00007ffab49a22cd:   00 00 3c 06 75 47 ff 15 0f 4f 00 00 66 c1 e8 08
0x00007ffab49a22dd:   3c 01 72 39 48 8b 4b 38 48 85 c9 74 0a 48 8b 01
0x00007ffab49a22ed:   ff 50 10 48 89 7b 38 48 8b 4b 40 48 85 c9 74 0a
0x00007ffab49a22fd:   48 8b 01 ff 50 10 48 89 7b 40 48 8b 4b 48 48 85
0x00007ffab49a230d:   c9 74 0a 48 8b 01 ff 50 10 48 89 7b 48 48 39 7b
0x00007ffab49a231d:   50 74 1a e8 6b d2 ff ff 48 8b 53 50 48 8b c8 4c
0x00007ffab49a232d:   8b 00 41 ff 90 b0 00 00 00 48 89 7b 50 48 8b 5c
0x00007ffab49a233d:   24 30 48 83 c4 20 5f c3 cc cc cc cc cc cc cc cc
0x00007ffab49a234d:   cc cc cc 4c 8b dc 49 89 5b 20 57 48 81 ec a0 00
0x00007ffab49a235d:   00 00 48 8b 05 62 4e 01 00 48 33 c4 48 89 84 24
0x00007ffab49a236d:   98 00 00 00 83 79 10 00 48 8b fa 48 8b d9 0f 84
0x00007ffab49a237d:   1f 01 00 00 c7 44 24 70 18 00 00 00 49 8d 4b c8
0x00007ffab49a238d:   c7 44 24 74 02 00 00 80 49 89 53 d0 41 c7 43 d8
0x00007ffab49a239d:   ff ff ff ff 49 89 73 18 ff 15 3d 74 01 00 33 f6
0x00007ffab49a23ad:   89 73 10 48 39 73 08 0f 84 de 00 00 00 48 8d 4c
0x00007ffab49a23bd:   24 68 ff 15 93 73 01 00 48 8b 44 24 68 48 8d 54
0x00007ffab49a23cd:   24 60 48 8b cf 48 89 44 24 60 ff 15 8b 72 01 00
0x00007ffab49a23dd:   8d 56 ec 48 8b cf ff 15 77 73 01 00 0f ba e0 16 


Stack slot to memory mapping:
stack at sp + 0 slots: 0x0 is NULL
stack at sp + 1 slots: 0x000000c900000000 is an unknown value
stack at sp + 2 slots: 0x000000000018c0bc is an unknown value
stack at sp + 3 slots: 0x00007ffab49a75c0 glass.dll
stack at sp + 4 slots: 0x000000c906dfcb50 is pointing into the stack for thread: 0x0000026db6508240
stack at sp + 5 slots: 0x00007ffab499a853 glass.dll
stack at sp + 6 slots: 0x0000026db6963630 points into unknown readable memory: 0x00007ffab49a9fb8 | b8 9f 9a b4 fa 7f 00 00
stack at sp + 7 slots: 0x000000c900000000 is an unknown value


---------------  P R O C E S S  ---------------

Threads class SMR info:
_java_thread_list=0x0000026e1c1086b0, length=37, elements={
0x0000026d94fbf140, 0x0000026db4d79540, 0x0000026db4d7a890, 0x0000026db4d8ea70,
0x0000026db4d8f620, 0x0000026db4d92780, 0x0000026db4d97920, 0x0000026db4da0920,
0x0000026db4dada00, 0x0000026db5818050, 0x0000026db4d62bb0, 0x0000026db59f47a0,
0x0000026db5ee6170, 0x0000026db62c2a50, 0x0000026db6518490, 0x0000026db6508240,
0x0000026db66708b0, 0x0000026db6677bf0, 0x0000026db66f68d0, 0x0000026db66f8a80,
0x0000026db66f7c10, 0x0000026db66f7740, 0x0000026db66f80e0, 0x0000026db66f8f50,
0x0000026db66f9420, 0x0000026db66f7270, 0x0000026db5be91e0, 0x0000026e0a056680,
0x0000026db5be7ea0, 0x0000026e0935dad0, 0x0000026e0cfb9050, 0x0000026e0cfb7370,
0x0000026e09358900, 0x0000026e0935bdf0, 0x0000026e093575c0, 0x0000026e093558e0,
0x0000026db5ad1790
}

Java Threads: ( => current thread )
  0x0000026d94fbf140 JavaThread "main" [_thread_blocked, id=4032, stack(0x000000c905300000,0x000000c905400000)]
  0x0000026db4d79540 JavaThread "Reference Handler" daemon [_thread_blocked, id=10308, stack(0x000000c905a00000,0x000000c905b00000)]
  0x0000026db4d7a890 JavaThread "Finalizer" daemon [_thread_blocked, id=9980, stack(0x000000c905b00000,0x000000c905c00000)]
  0x0000026db4d8ea70 JavaThread "Signal Dispatcher" daemon [_thread_blocked, id=3408, stack(0x000000c905c00000,0x000000c905d00000)]
  0x0000026db4d8f620 JavaThread "Attach Listener" daemon [_thread_blocked, id=10692, stack(0x000000c905d00000,0x000000c905e00000)]
  0x0000026db4d92780 JavaThread "Service Thread" daemon [_thread_blocked, id=10528, stack(0x000000c905e00000,0x000000c905f00000)]
  0x0000026db4d97920 JavaThread "Monitor Deflation Thread" daemon [_thread_blocked, id=1340, stack(0x000000c905f00000,0x000000c906000000)]
  0x0000026db4da0920 JavaThread "C2 CompilerThread0" daemon [_thread_blocked, id=11392, stack(0x000000c906000000,0x000000c906100000)]
  0x0000026db4dada00 JavaThread "C1 CompilerThread0" daemon [_thread_blocked, id=7252, stack(0x000000c906100000,0x000000c906200000)]
  0x0000026db5818050 JavaThread "Sweeper thread" daemon [_thread_blocked, id=2396, stack(0x000000c906200000,0x000000c906300000)]
  0x0000026db4d62bb0 JavaThread "Common-Cleaner" daemon [_thread_blocked, id=6752, stack(0x000000c906300000,0x000000c906400000)]
  0x0000026db59f47a0 JavaThread "Monitor Ctrl-Break" daemon [_thread_in_native, id=2764, stack(0x000000c906500000,0x000000c906600000)]
  0x0000026db5ee6170 JavaThread "Notification Thread" daemon [_thread_blocked, id=10368, stack(0x000000c906600000,0x000000c906700000)]
  0x0000026db62c2a50 JavaThread "QuantumRenderer-0" daemon [_thread_blocked, id=12432, stack(0x000000c906b00000,0x000000c906c00000)]
  0x0000026db6518490 JavaThread "InvokeLaterDispatcher" daemon [_thread_blocked, id=5860, stack(0x000000c906c00000,0x000000c906d00000)]
=>0x0000026db6508240 JavaThread "JavaFX Application Thread" [_thread_in_native, id=11696, stack(0x000000c906d00000,0x000000c906e00000)]
  0x0000026db66708b0 JavaThread "Thread-1" daemon [_thread_in_native, id=11052, stack(0x000000c907000000,0x000000c907100000)]
  0x0000026db6677bf0 JavaThread "JavaFX-Launcher" [_thread_blocked, id=10596, stack(0x000000c907100000,0x000000c907200000)]
  0x0000026db66f68d0 JavaThread "Prism Font Disposer" daemon [_thread_blocked, id=13052, stack(0x000000c907200000,0x000000c907300000)]
  0x0000026db66f8a80 JavaThread "Disposer" daemon [_thread_blocked, id=12020, stack(0x000000c907400000,0x000000c907500000)]
  0x0000026db66f7c10 JavaThread "HttpClient-1-SelectorManager" daemon [_thread_in_native, id=11812, stack(0x000000c907600000,0x000000c907700000)]
  0x0000026db66f7740 JavaThread "Cleaner-0" daemon [_thread_blocked, id=12584, stack(0x000000c907e00000,0x000000c907f00000)]
  0x0000026db66f80e0 JavaThread "ForkJoinPool.commonPool-worker-1" daemon [_thread_blocked, id=3416, stack(0x000000c908200000,0x000000c908300000)]
  0x0000026db66f8f50 JavaThread "ForkJoinPool.commonPool-worker-2" daemon [_thread_blocked, id=236, stack(0x000000c908300000,0x000000c908400000)]
  0x0000026db66f9420 JavaThread "ForkJoinPool.commonPool-worker-3" daemon [_thread_blocked, id=6984, stack(0x000000c908400000,0x000000c908500000)]
  0x0000026db66f7270 JavaThread "Thread-3" daemon [_thread_in_native, id=8540, stack(0x000000c908500000,0x000000c908600000)]
  0x0000026db5be91e0 JavaThread "ForkJoinPool.commonPool-worker-4" daemon [_thread_blocked, id=8832, stack(0x000000c905000000,0x000000c905100000)]
  0x0000026e0a056680 JavaThread "ForkJoinPool.commonPool-worker-5" daemon [_thread_blocked, id=8128, stack(0x000000c909900000,0x000000c909a00000)]
  0x0000026db5be7ea0 JavaThread "Media Resource Disposer" daemon [_thread_blocked, id=11228, stack(0x000000c90b500000,0x000000c90b600000)]
  0x0000026e0935dad0 JavaThread "HttpClient-1-Worker-26" daemon [_thread_blocked, id=11292, stack(0x000000c908000000,0x000000c908100000)]
  0x0000026e0cfb9050 JavaThread "HttpClient-1-Worker-27" daemon [_thread_blocked, id=10644, stack(0x000000c908100000,0x000000c908200000)]
  0x0000026e0cfb7370 JavaThread "HttpClient-1-Worker-28" daemon [_thread_blocked, id=3740, stack(0x000000c908600000,0x000000c908700000)]
  0x0000026e09358900 JavaThread "HttpClient-1-Worker-29" daemon [_thread_blocked, id=7440, stack(0x000000c908700000,0x000000c908800000)]
  0x0000026e0935bdf0 JavaThread "HttpClient-1-Worker-30" daemon [_thread_blocked, id=12984, stack(0x000000c908800000,0x000000c908900000)]
  0x0000026e093575c0 JavaThread "HttpClient-1-Worker-31" daemon [_thread_blocked, id=13064, stack(0x000000c908900000,0x000000c908a00000)]
  0x0000026e093558e0 JavaThread "HttpClient-1-Worker-32" daemon [_thread_blocked, id=11548, stack(0x000000c908a00000,0x000000c908b00000)]
  0x0000026db5ad1790 JavaThread "JFXMedia Player EventQueueThread" daemon [_thread_blocked, id=12196, stack(0x000000c908c00000,0x000000c908d00000)]

Other Threads:
  0x0000026db4d732f0 VMThread "VM Thread" [stack: 0x000000c905900000,0x000000c905a00000] [id=1832]
  0x0000026d95011950 WatcherThread [stack: 0x000000c906700000,0x000000c906800000] [id=12692]
  0x0000026d950020b0 GCTaskThread "GC Thread#0" [stack: 0x000000c905400000,0x000000c905500000] [id=6736]
  0x0000026db5a9cf10 GCTaskThread "GC Thread#1" [stack: 0x000000c906800000,0x000000c906900000] [id=13236]
  0x0000026db5f2a6d0 GCTaskThread "GC Thread#2" [stack: 0x000000c906900000,0x000000c906a00000] [id=11740]
  0x0000026db5ed3e80 GCTaskThread "GC Thread#3" [stack: 0x000000c906a00000,0x000000c906b00000] [id=1472]
  0x0000026d92f6cf60 ConcurrentGCThread "G1 Main Marker" [stack: 0x000000c905500000,0x000000c905600000] [id=5044]
  0x0000026d92f6d950 ConcurrentGCThread "G1 Conc#0" [stack: 0x000000c905600000,0x000000c905700000] [id=3320]
  0x0000026d9506d5c0 ConcurrentGCThread "G1 Refine#0" [stack: 0x000000c905700000,0x000000c905800000] [id=12292]
  0x0000026d9506dfe0 ConcurrentGCThread "G1 Service" [stack: 0x000000c905800000,0x000000c905900000] [id=1636]

Threads with active compile tasks:

VM state: not at safepoint (normal execution)

VM Mutex/Monitor currently owned by a thread: None

Heap address: 0x0000000741e00000, size: 3042 MB, Compressed Oops mode: Zero based, Oop shift amount: 3

CDS archive(s) mapped at: [0x0000000800000000-0x0000000800bc0000-0x0000000800bc0000), size 12320768, SharedBaseAddress: 0x0000000800000000, ArchiveRelocationMode: 0.
Compressed class space mapped at: 0x0000000800c00000-0x0000000840c00000, reserved size: 1073741824
Narrow klass base: 0x0000000800000000, Narrow klass shift: 0, Narrow klass range: 0x100000000

GC Precious Log:
 CPUs: 4 total, 4 available
 Memory: 12166M
 Large Page Support: Disabled
 NUMA Support: Disabled
 Compressed Oops: Enabled (Zero based)
 Heap Region Size: 2M
 Heap Min Capacity: 8M
 Heap Initial Capacity: 192M
 Heap Max Capacity: 3042M
 Pre-touch: Disabled
 Parallel Workers: 4
 Concurrent Workers: 1
 Concurrent Refinement Workers: 4
 Periodic GC: Disabled

Heap:
 garbage-first heap   total 184320K, used 87442K [0x0000000741e00000, 0x0000000800000000)
  region size 2048K, 20 young (40960K), 1 survivors (2048K)
 Metaspace       used 32517K, committed 32960K, reserved 1081344K
  class space    used 3885K, committed 4096K, reserved 1048576K

Heap Regions: E=young(eden), S=young(survivor), O=old, HS=humongous(starts), HC=humongous(continues), CS=collection set, F=free, OA=open archive, CA=closed archive, TAMS=top-at-mark-start (previous, next)
|   0|0x0000000741e00000, 0x0000000742000000, 0x0000000742000000|100%| O|  |TAMS 0x0000000741e00000, 0x0000000742000000| Untracked 
|   1|0x0000000742000000, 0x0000000742200000, 0x0000000742200000|100%| O|  |TAMS 0x0000000742200000, 0x0000000742200000| Untracked 
|   2|0x0000000742200000, 0x0000000742400000, 0x0000000742400000|100%| O|  |TAMS 0x0000000742400000, 0x0000000742400000| Untracked 
|   3|0x0000000742400000, 0x0000000742600000, 0x0000000742600000|100%| O|  |TAMS 0x0000000742600000, 0x0000000742600000| Untracked 
|   4|0x0000000742600000, 0x0000000742800000, 0x0000000742800000|100%| O|  |TAMS 0x0000000742800000, 0x0000000742800000| Untracked 
|   5|0x0000000742800000, 0x0000000742a00000, 0x0000000742a00000|100%| O|  |TAMS 0x0000000742a00000, 0x0000000742a00000| Untracked 
|   6|0x0000000742a00000, 0x0000000742c00000, 0x0000000742c00000|100%|HS|  |TAMS 0x0000000742c00000, 0x0000000742c00000| Complete 
|   7|0x0000000742c00000, 0x0000000742e00000, 0x0000000742e00000|100%| O|  |TAMS 0x0000000742c00000, 0x0000000742e00000| Untracked 
|   8|0x0000000742e00000, 0x0000000743000000, 0x0000000743000000|100%| O|  |TAMS 0x0000000743000000, 0x0000000743000000| Untracked 
|   9|0x0000000743000000, 0x0000000743200000, 0x0000000743200000|100%|HS|  |TAMS 0x0000000743000000, 0x0000000743000000| Complete 
|  10|0x0000000743200000, 0x0000000743326a00, 0x0000000743400000| 57%| O|  |TAMS 0x0000000743200000, 0x0000000743200000| Untracked 
|  11|0x0000000743400000, 0x0000000743600000, 0x0000000743600000|100%|HS|  |TAMS 0x0000000743600000, 0x0000000743600000| Complete 
|  12|0x0000000743600000, 0x0000000743800000, 0x0000000743800000|100%|HC|  |TAMS 0x0000000743800000, 0x0000000743800000| Complete 
|  13|0x0000000743800000, 0x0000000743a00000, 0x0000000743a00000|100%| O|  |TAMS 0x0000000743800000, 0x0000000743973600| Untracked 
|  14|0x0000000743a00000, 0x0000000743c00000, 0x0000000743c00000|100%| O|  |TAMS 0x0000000743c00000, 0x0000000743c00000| Untracked 
|  15|0x0000000743c00000, 0x0000000743e00000, 0x0000000743e00000|100%| O|  |TAMS 0x0000000743e00000, 0x0000000743e00000| Untracked 
|  16|0x0000000743e00000, 0x0000000744000000, 0x0000000744000000|100%| O|  |TAMS 0x0000000744000000, 0x0000000744000000| Untracked 
|  17|0x0000000744000000, 0x0000000744200000, 0x0000000744200000|100%| O|  |TAMS 0x00000007441ec600, 0x0000000744200000| Untracked 
|  18|0x0000000744200000, 0x0000000744400000, 0x0000000744400000|100%| O|  |TAMS 0x0000000744400000, 0x0000000744400000| Untracked 
|  19|0x0000000744400000, 0x0000000744600000, 0x0000000744600000|100%|HS|  |TAMS 0x0000000744400000, 0x0000000744600000| Complete 
|  20|0x0000000744600000, 0x0000000744800000, 0x0000000744800000|100%|HC|  |TAMS 0x0000000744600000, 0x0000000744800000| Complete 
|  21|0x0000000744800000, 0x0000000744a00000, 0x0000000744a00000|100%|HS|  |TAMS 0x0000000744800000, 0x0000000744800000| Complete 
|  22|0x0000000744a00000, 0x0000000744c00000, 0x0000000744c00000|100%|HS|  |TAMS 0x0000000744a00000, 0x0000000744a00000| Complete 
|  23|0x0000000744c00000, 0x0000000744e00000, 0x0000000744e00000|100%|HS|  |TAMS 0x0000000744c00000, 0x0000000744c00000| Complete 
|  24|0x0000000744e00000, 0x0000000744e00000, 0x0000000745000000|  0%| F|  |TAMS 0x0000000744e00000, 0x0000000744e00000| Untracked 
|  25|0x0000000745000000, 0x0000000745000000, 0x0000000745200000|  0%| F|  |TAMS 0x0000000745000000, 0x0000000745000000| Untracked 
|  26|0x0000000745200000, 0x0000000745200000, 0x0000000745400000|  0%| F|  |TAMS 0x0000000745200000, 0x0000000745200000| Untracked 
|  27|0x0000000745400000, 0x0000000745400000, 0x0000000745600000|  0%| F|  |TAMS 0x0000000745400000, 0x0000000745400000| Untracked 
|  28|0x0000000745600000, 0x0000000745600000, 0x0000000745800000|  0%| F|  |TAMS 0x0000000745600000, 0x0000000745600000| Untracked 
|  29|0x0000000745800000, 0x0000000745800000, 0x0000000745a00000|  0%| F|  |TAMS 0x0000000745800000, 0x0000000745800000| Untracked 
|  30|0x0000000745a00000, 0x0000000745a00000, 0x0000000745c00000|  0%| F|  |TAMS 0x0000000745a00000, 0x0000000745a00000| Untracked 
|  31|0x0000000745c00000, 0x0000000745c00000, 0x0000000745e00000|  0%| F|  |TAMS 0x0000000745c00000, 0x0000000745c00000| Untracked 
|  32|0x0000000745e00000, 0x0000000745e00000, 0x0000000746000000|  0%| F|  |TAMS 0x0000000745e00000, 0x0000000745e00000| Untracked 
|  33|0x0000000746000000, 0x0000000746000000, 0x0000000746200000|  0%| F|  |TAMS 0x0000000746000000, 0x0000000746000000| Untracked 
|  34|0x0000000746200000, 0x000000074623dee8, 0x0000000746400000| 12%| S|CS|TAMS 0x0000000746200000, 0x0000000746200000| Complete 
|  35|0x0000000746400000, 0x0000000746400000, 0x0000000746600000|  0%| F|  |TAMS 0x0000000746400000, 0x0000000746400000| Untracked 
|  36|0x0000000746600000, 0x0000000746600000, 0x0000000746800000|  0%| F|  |TAMS 0x0000000746600000, 0x0000000746600000| Untracked 
|  37|0x0000000746800000, 0x0000000746800000, 0x0000000746a00000|  0%| F|  |TAMS 0x0000000746800000, 0x0000000746800000| Untracked 
|  38|0x0000000746a00000, 0x0000000746a00000, 0x0000000746c00000|  0%| F|  |TAMS 0x0000000746a00000, 0x0000000746a00000| Untracked 
|  39|0x0000000746c00000, 0x0000000746c00000, 0x0000000746e00000|  0%| F|  |TAMS 0x0000000746c00000, 0x0000000746c00000| Untracked 
|  40|0x0000000746e00000, 0x0000000746e00000, 0x0000000747000000|  0%| F|  |TAMS 0x0000000746e00000, 0x0000000746e00000| Untracked 
|  41|0x0000000747000000, 0x0000000747000000, 0x0000000747200000|  0%| F|  |TAMS 0x0000000747000000, 0x0000000747000000| Untracked 
|  42|0x0000000747200000, 0x0000000747200000, 0x0000000747400000|  0%| F|  |TAMS 0x0000000747200000, 0x0000000747200000| Untracked 
|  43|0x0000000747400000, 0x0000000747400000, 0x0000000747600000|  0%| F|  |TAMS 0x0000000747400000, 0x0000000747400000| Untracked 
|  44|0x0000000747600000, 0x0000000747600000, 0x0000000747800000|  0%| F|  |TAMS 0x0000000747600000, 0x0000000747600000| Untracked 
|  45|0x0000000747800000, 0x0000000747800000, 0x0000000747a00000|  0%| F|  |TAMS 0x0000000747800000, 0x0000000747800000| Untracked 
|  46|0x0000000747a00000, 0x0000000747a00000, 0x0000000747c00000|  0%| F|  |TAMS 0x0000000747a00000, 0x0000000747a00000| Untracked 
|  47|0x0000000747c00000, 0x0000000747c00000, 0x0000000747e00000|  0%| F|  |TAMS 0x0000000747c00000, 0x0000000747c00000| Untracked 
|  48|0x0000000747e00000, 0x0000000747e00000, 0x0000000748000000|  0%| F|  |TAMS 0x0000000747e00000, 0x0000000747e00000| Untracked 
|  49|0x0000000748000000, 0x0000000748000000, 0x0000000748200000|  0%| F|  |TAMS 0x0000000748000000, 0x0000000748000000| Untracked 
|  50|0x0000000748200000, 0x0000000748200000, 0x0000000748400000|  0%| F|  |TAMS 0x0000000748200000, 0x0000000748200000| Untracked 
|  51|0x0000000748400000, 0x0000000748400000, 0x0000000748600000|  0%| F|  |TAMS 0x0000000748400000, 0x0000000748400000| Untracked 
|  52|0x0000000748600000, 0x0000000748600000, 0x0000000748800000|  0%| F|  |TAMS 0x0000000748600000, 0x0000000748600000| Untracked 
|  53|0x0000000748800000, 0x0000000748800000, 0x0000000748a00000|  0%| F|  |TAMS 0x0000000748800000, 0x0000000748800000| Untracked 
|  54|0x0000000748a00000, 0x0000000748a00000, 0x0000000748c00000|  0%| F|  |TAMS 0x0000000748a00000, 0x0000000748a00000| Untracked 
|  55|0x0000000748c00000, 0x0000000748c00000, 0x0000000748e00000|  0%| F|  |TAMS 0x0000000748c00000, 0x0000000748c00000| Untracked 
|  56|0x0000000748e00000, 0x0000000748e00000, 0x0000000749000000|  0%| F|  |TAMS 0x0000000748e00000, 0x0000000748e00000| Untracked 
|  57|0x0000000749000000, 0x0000000749000000, 0x0000000749200000|  0%| F|  |TAMS 0x0000000749000000, 0x0000000749000000| Untracked 
|  58|0x0000000749200000, 0x0000000749200000, 0x0000000749400000|  0%| F|  |TAMS 0x0000000749200000, 0x0000000749200000| Untracked 
|  59|0x0000000749400000, 0x0000000749400000, 0x0000000749600000|  0%| F|  |TAMS 0x0000000749400000, 0x0000000749400000| Untracked 
|  60|0x0000000749600000, 0x0000000749600000, 0x0000000749800000|  0%| F|  |TAMS 0x0000000749600000, 0x0000000749600000| Untracked 
|  61|0x0000000749800000, 0x0000000749800000, 0x0000000749a00000|  0%| F|  |TAMS 0x0000000749800000, 0x0000000749800000| Untracked 
|  62|0x0000000749a00000, 0x0000000749a00000, 0x0000000749c00000|  0%| F|  |TAMS 0x0000000749a00000, 0x0000000749a00000| Untracked 
|  63|0x0000000749c00000, 0x0000000749c00000, 0x0000000749e00000|  0%| F|  |TAMS 0x0000000749c00000, 0x0000000749c00000| Untracked 
|  64|0x0000000749e00000, 0x0000000749e00000, 0x000000074a000000|  0%| F|  |TAMS 0x0000000749e00000, 0x0000000749e00000| Untracked 
|  65|0x000000074a000000, 0x000000074a000000, 0x000000074a200000|  0%| F|  |TAMS 0x000000074a000000, 0x000000074a000000| Untracked 
|  66|0x000000074a200000, 0x000000074a200000, 0x000000074a400000|  0%| F|  |TAMS 0x000000074a200000, 0x000000074a200000| Untracked 
|  67|0x000000074a400000, 0x000000074a400000, 0x000000074a600000|  0%| F|  |TAMS 0x000000074a400000, 0x000000074a400000| Untracked 
|  68|0x000000074a600000, 0x000000074a600000, 0x000000074a800000|  0%| F|  |TAMS 0x000000074a600000, 0x000000074a600000| Untracked 
|  69|0x000000074a800000, 0x000000074a800800, 0x000000074aa00000|  0%| E|  |TAMS 0x000000074a800000, 0x000000074a800000| Complete 
|  70|0x000000074aa00000, 0x000000074ac00000, 0x000000074ac00000|100%| E|CS|TAMS 0x000000074aa00000, 0x000000074aa00000| Complete 
|  71|0x000000074ac00000, 0x000000074ae00000, 0x000000074ae00000|100%| E|CS|TAMS 0x000000074ac00000, 0x000000074ac00000| Complete 
|  72|0x000000074ae00000, 0x000000074b000000, 0x000000074b000000|100%| E|CS|TAMS 0x000000074ae00000, 0x000000074ae00000| Complete 
|  73|0x000000074b000000, 0x000000074b200000, 0x000000074b200000|100%| E|CS|TAMS 0x000000074b000000, 0x000000074b000000| Complete 
|  74|0x000000074b200000, 0x000000074b400000, 0x000000074b400000|100%| E|CS|TAMS 0x000000074b200000, 0x000000074b200000| Complete 
|  75|0x000000074b400000, 0x000000074b600000, 0x000000074b600000|100%| E|  |TAMS 0x000000074b400000, 0x000000074b400000| Complete 
|  76|0x000000074b600000, 0x000000074b800000, 0x000000074b800000|100%| E|CS|TAMS 0x000000074b600000, 0x000000074b600000| Complete 
|  77|0x000000074b800000, 0x000000074ba00000, 0x000000074ba00000|100%| E|CS|TAMS 0x000000074b800000, 0x000000074b800000| Complete 
|  78|0x000000074ba00000, 0x000000074bc00000, 0x000000074bc00000|100%| E|CS|TAMS 0x000000074ba00000, 0x000000074ba00000| Complete 
|  79|0x000000074bc00000, 0x000000074be00000, 0x000000074be00000|100%| E|CS|TAMS 0x000000074bc00000, 0x000000074bc00000| Complete 
|  80|0x000000074be00000, 0x000000074c000000, 0x000000074c000000|100%| E|CS|TAMS 0x000000074be00000, 0x000000074be00000| Complete 
|  81|0x000000074c000000, 0x000000074c200000, 0x000000074c200000|100%| E|CS|TAMS 0x000000074c000000, 0x000000074c000000| Complete 
|  82|0x000000074c200000, 0x000000074c400000, 0x000000074c400000|100%| E|CS|TAMS 0x000000074c200000, 0x000000074c200000| Complete 
|  83|0x000000074c400000, 0x000000074c600000, 0x000000074c600000|100%| E|CS|TAMS 0x000000074c400000, 0x000000074c400000| Complete 
|  84|0x000000074c600000, 0x000000074c800000, 0x000000074c800000|100%| E|CS|TAMS 0x000000074c600000, 0x000000074c600000| Complete 
|  85|0x000000074c800000, 0x000000074ca00000, 0x000000074ca00000|100%| E|CS|TAMS 0x000000074c800000, 0x000000074c800000| Complete 
|  94|0x000000074da00000, 0x000000074dc00000, 0x000000074dc00000|100%| E|CS|TAMS 0x000000074da00000, 0x000000074da00000| Complete 
|  95|0x000000074dc00000, 0x000000074de00000, 0x000000074de00000|100%| E|CS|TAMS 0x000000074dc00000, 0x000000074dc00000| Complete 
|1519|0x00000007ffc00000, 0x00000007ffe00000, 0x00000007ffe00000|100%| O|  |TAMS 0x00000007ffe00000, 0x00000007ffe00000| Untracked 
|1520|0x00000007ffe00000, 0x0000000800000000, 0x0000000800000000|100%| O|  |TAMS 0x0000000800000000, 0x0000000800000000| Untracked 

Card table byte_map: [0x0000026dabdb0000,0x0000026dac3b0000] _byte_map_base: 0x0000026da83a1000

Marking Bits (Prev, Next): (CMBitMap*) 0x0000026d95002700, (CMBitMap*) 0x0000026d950026c0
 Prev Bits: [0x0000026daf940000, 0x0000026db28c8000)
 Next Bits: [0x0000026dac9b0000, 0x0000026daf938000)

Polling page: 0x0000026d92e40000

Metaspace:

Usage:
  Non-class:     27.96 MB used.
      Class:      3.79 MB used.
       Both:     31.76 MB used.

Virtual space:
  Non-class space:       32.00 MB reserved,      28.19 MB ( 88%) committed,  4 nodes.
      Class space:        1.00 GB reserved,       4.00 MB ( <1%) committed,  1 nodes.
             Both:        1.03 GB reserved,      32.19 MB (  3%) committed. 

Chunk freelists:
   Non-Class:  2.89 MB
       Class:  3.95 MB
        Both:  6.84 MB

MaxMetaspaceSize: unlimited
CompressedClassSpaceSize: 1.00 GB
Initial GC threshold: 21.00 MB
Current GC threshold: 52.31 MB
CDS: on
MetaspaceReclaimPolicy: balanced
 - commit_granule_bytes: 65536.
 - commit_granule_words: 8192.
 - virtual_space_node_default_size: 1048576.
 - enlarge_chunks_in_place: 1.
 - new_chunks_are_fully_committed: 0.
 - uncommit_free_chunks: 1.
 - use_allocation_guard: 0.
 - handle_deallocations: 1.


Internal statistics:

num_allocs_failed_limit: 3.
num_arena_births: 578.
num_arena_deaths: 0.
num_vsnodes_births: 5.
num_vsnodes_deaths: 0.
num_space_committed: 515.
num_space_uncommitted: 0.
num_chunks_returned_to_freelist: 3.
num_chunks_taken_from_freelist: 1572.
num_chunk_merges: 0.
num_chunk_splits: 994.
num_chunks_enlarged: 657.
num_purges: 0.
num_inconsistent_stats: 0.

CodeHeap 'non-profiled nmethods': size=120000Kb used=8006Kb max_used=8006Kb free=111993Kb
 bounds [0x0000026da4280000, 0x0000026da4a60000, 0x0000026dab7b0000]
CodeHeap 'profiled nmethods': size=120000Kb used=16666Kb max_used=17669Kb free=103333Kb
 bounds [0x0000026d9cd50000, 0x0000026d9dea0000, 0x0000026da4280000]
CodeHeap 'non-nmethods': size=5760Kb used=1578Kb max_used=1692Kb free=4182Kb
 bounds [0x0000026d9c7b0000, 0x0000026d9ca20000, 0x0000026d9cd50000]
 total_blobs=9799 nmethods=8834 adapters=876
 compilation: enabled
              stopped_count=0, restarted_count=0
 full_count=0

Compilation events (20 events):
Event: 467.286 Thread 0x0000026db4da0920 10980       4       java.util.regex.CharPredicates$$Lambda$20/0x800000029::is (5 bytes)
Event: 467.286 Thread 0x0000026db4da0920 nmethod 10980 0x0000026da4a4e010 code [0x0000026da4a4e180, 0x0000026da4a4e238]
Event: 467.640 Thread 0x0000026db4da0920 10981       4       com.sun.javafx.event.CompositeEventDispatcher::dispatchBubblingEvent (35 bytes)
Event: 467.641 Thread 0x0000026db4da0920 nmethod 10981 0x0000026da4a4e310 code [0x0000026da4a4e4a0, 0x0000026da4a4e598]
Event: 468.761 Thread 0x0000026db4da0920 10982       4       com.sun.webkit.graphics.GraphicsDecoder::getRectangle (24 bytes)
Event: 468.764 Thread 0x0000026db4da0920 nmethod 10982 0x0000026da4a4e710 code [0x0000026da4a4e8a0, 0x0000026da4a4eb78]
Event: 469.020 Thread 0x0000026db4da0920 10983       4       com.sun.prism.impl.BaseResourceFactory::getCachedTexture (531 bytes)
Event: 469.033 Thread 0x0000026db4da0920 nmethod 10983 0x0000026da4a4ee10 code [0x0000026da4a4f040, 0x0000026da4a4fa70]
Event: 469.501 Thread 0x0000026db4da0920 10984       4       java.net.http.HttpHeaders::headersOf (72 bytes)
Event: 469.509 Thread 0x0000026db4da0920 nmethod 10984 0x0000026da4a50590 code [0x0000026da4a50760, 0x0000026da4a50cf8]
Event: 469.594 Thread 0x0000026db4dada00 10985       3       javafx.scene.Node::setTranslateY (9 bytes)
Event: 469.594 Thread 0x0000026db4dada00 nmethod 10985 0x0000026d9d372310 code [0x0000026d9d372500, 0x0000026d9d372a18]
Event: 469.594 Thread 0x0000026db4dada00 10986       3       javafx.scene.Node::translateYProperty (8 bytes)
Event: 469.594 Thread 0x0000026db4dada00 nmethod 10986 0x0000026d9d3ef290 code [0x0000026d9d3ef460, 0x0000026d9d3ef848]
Event: 469.594 Thread 0x0000026db4dada00 10987       1       javafx.stage.Window::getPeer (5 bytes)
Event: 469.594 Thread 0x0000026db4dada00 nmethod 10987 0x0000026da4a51010 code [0x0000026da4a511a0, 0x0000026da4a51278]
Event: 469.594 Thread 0x0000026db4dada00 10988       1       javafx.scene.Parent::getStylesheets (5 bytes)
Event: 469.594 Thread 0x0000026db4dada00 nmethod 10988 0x0000026da4a51310 code [0x0000026da4a514a0, 0x0000026da4a51578]
Event: 469.660 Thread 0x0000026db4da0920 10989       4       javafx.beans.property.DoublePropertyBase::isBound (13 bytes)
Event: 469.660 Thread 0x0000026db4da0920 nmethod 10989 0x0000026da4a51610 code [0x0000026da4a51780, 0x0000026da4a51818]

GC Heap History (20 events):
Event: 446.052 GC heap before
{Heap before GC invocations=233 (full 0):
 garbage-first heap   total 184320K, used 154781K [0x0000000741e00000, 0x0000000800000000)
  region size 2048K, 54 young (110592K), 1 survivors (2048K)
 Metaspace       used 32498K, committed 32960K, reserved 1081344K
  class space    used 3885K, committed 4096K, reserved 1048576K
}
Event: 446.052 GC heap after
{Heap after GC invocations=234 (full 0):
 garbage-first heap   total 184320K, used 46240K [0x0000000741e00000, 0x0000000800000000)
  region size 2048K, 1 young (2048K), 1 survivors (2048K)
 Metaspace       used 32498K, committed 32960K, reserved 1081344K
  class space    used 3885K, committed 4096K, reserved 1048576K
}
Event: 446.172 GC heap before
{Heap before GC invocations=234 (full 0):
 garbage-first heap   total 184320K, used 154784K [0x0000000741e00000, 0x0000000800000000)
  region size 2048K, 54 young (110592K), 1 survivors (2048K)
 Metaspace       used 32498K, committed 32960K, reserved 1081344K
  class space    used 3885K, committed 4096K, reserved 1048576K
}
Event: 446.174 GC heap after
{Heap after GC invocations=235 (full 0):
 garbage-first heap   total 184320K, used 46238K [0x0000000741e00000, 0x0000000800000000)
  region size 2048K, 1 young (2048K), 1 survivors (2048K)
 Metaspace       used 32498K, committed 32960K, reserved 1081344K
  class space    used 3885K, committed 4096K, reserved 1048576K
}
Event: 446.306 GC heap before
{Heap before GC invocations=235 (full 0):
 garbage-first heap   total 184320K, used 154782K [0x0000000741e00000, 0x0000000800000000)
  region size 2048K, 54 young (110592K), 1 survivors (2048K)
 Metaspace       used 32498K, committed 32960K, reserved 1081344K
  class space    used 3885K, committed 4096K, reserved 1048576K
}
Event: 446.307 GC heap after
{Heap after GC invocations=236 (full 0):
 garbage-first heap   total 184320K, used 46240K [0x0000000741e00000, 0x0000000800000000)
  region size 2048K, 1 young (2048K), 1 survivors (2048K)
 Metaspace       used 32498K, committed 32960K, reserved 1081344K
  class space    used 3885K, committed 4096K, reserved 1048576K
}
Event: 446.423 GC heap before
{Heap before GC invocations=236 (full 0):
 garbage-first heap   total 184320K, used 154784K [0x0000000741e00000, 0x0000000800000000)
  region size 2048K, 54 young (110592K), 1 survivors (2048K)
 Metaspace       used 32498K, committed 32960K, reserved 1081344K
  class space    used 3885K, committed 4096K, reserved 1048576K
}
Event: 446.424 GC heap after
{Heap after GC invocations=237 (full 0):
 garbage-first heap   total 184320K, used 46240K [0x0000000741e00000, 0x0000000800000000)
  region size 2048K, 1 young (2048K), 1 survivors (2048K)
 Metaspace       used 32498K, committed 32960K, reserved 1081344K
  class space    used 3885K, committed 4096K, reserved 1048576K
}
Event: 446.580 GC heap before
{Heap before GC invocations=237 (full 0):
 garbage-first heap   total 184320K, used 154784K [0x0000000741e00000, 0x0000000800000000)
  region size 2048K, 54 young (110592K), 1 survivors (2048K)
 Metaspace       used 32498K, committed 32960K, reserved 1081344K
  class space    used 3885K, committed 4096K, reserved 1048576K
}
Event: 446.580 GC heap after
{Heap after GC invocations=238 (full 0):
 garbage-first heap   total 184320K, used 46240K [0x0000000741e00000, 0x0000000800000000)
  region size 2048K, 1 young (2048K), 1 survivors (2048K)
 Metaspace       used 32498K, committed 32960K, reserved 1081344K
  class space    used 3885K, committed 4096K, reserved 1048576K
}
Event: 446.662 GC heap before
{Heap before GC invocations=238 (full 0):
 garbage-first heap   total 184320K, used 154784K [0x0000000741e00000, 0x0000000800000000)
  region size 2048K, 54 young (110592K), 1 survivors (2048K)
 Metaspace       used 32498K, committed 32960K, reserved 1081344K
  class space    used 3885K, committed 4096K, reserved 1048576K
}
Event: 446.662 GC heap after
{Heap after GC invocations=239 (full 0):
 garbage-first heap   total 184320K, used 46240K [0x0000000741e00000, 0x0000000800000000)
  region size 2048K, 1 young (2048K), 1 survivors (2048K)
 Metaspace       used 32498K, committed 32960K, reserved 1081344K
  class space    used 3885K, committed 4096K, reserved 1048576K
}
Event: 446.780 GC heap before
{Heap before GC invocations=239 (full 0):
 garbage-first heap   total 184320K, used 154784K [0x0000000741e00000, 0x0000000800000000)
  region size 2048K, 54 young (110592K), 1 survivors (2048K)
 Metaspace       used 32498K, committed 32960K, reserved 1081344K
  class space    used 3885K, committed 4096K, reserved 1048576K
}
Event: 446.781 GC heap after
{Heap after GC invocations=240 (full 0):
 garbage-first heap   total 184320K, used 46240K [0x0000000741e00000, 0x0000000800000000)
  region size 2048K, 1 young (2048K), 1 survivors (2048K)
 Metaspace       used 32498K, committed 32960K, reserved 1081344K
  class space    used 3885K, committed 4096K, reserved 1048576K
}
Event: 451.191 GC heap before
{Heap before GC invocations=240 (full 0):
 garbage-first heap   total 184320K, used 154784K [0x0000000741e00000, 0x0000000800000000)
  region size 2048K, 54 young (110592K), 1 survivors (2048K)
 Metaspace       used 32499K, committed 32960K, reserved 1081344K
  class space    used 3885K, committed 4096K, reserved 1048576K
}
Event: 451.192 GC heap after
{Heap after GC invocations=241 (full 0):
 garbage-first heap   total 184320K, used 46262K [0x0000000741e00000, 0x0000000800000000)
  region size 2048K, 1 young (2048K), 1 survivors (2048K)
 Metaspace       used 32499K, committed 32960K, reserved 1081344K
  class space    used 3885K, committed 4096K, reserved 1048576K
}
Event: 460.950 GC heap before
{Heap before GC invocations=241 (full 0):
 garbage-first heap   total 184320K, used 154806K [0x0000000741e00000, 0x0000000800000000)
  region size 2048K, 54 young (110592K), 1 survivors (2048K)
 Metaspace       used 32514K, committed 32960K, reserved 1081344K
  class space    used 3885K, committed 4096K, reserved 1048576K
}
Event: 460.951 GC heap after
{Heap after GC invocations=242 (full 0):
 garbage-first heap   total 184320K, used 46381K [0x0000000741e00000, 0x0000000800000000)
  region size 2048K, 1 young (2048K), 1 survivors (2048K)
 Metaspace       used 32514K, committed 32960K, reserved 1081344K
  class space    used 3885K, committed 4096K, reserved 1048576K
}
Event: 467.786 GC heap before
{Heap before GC invocations=242 (full 0):
 garbage-first heap   total 184320K, used 156973K [0x0000000741e00000, 0x0000000800000000)
  region size 2048K, 54 young (110592K), 1 survivors (2048K)
 Metaspace       used 32515K, committed 32960K, reserved 1081344K
  class space    used 3885K, committed 4096K, reserved 1048576K
}
Event: 467.787 GC heap after
{Heap after GC invocations=243 (full 0):
 garbage-first heap   total 184320K, used 48530K [0x0000000741e00000, 0x0000000800000000)
  region size 2048K, 1 young (2048K), 1 survivors (2048K)
 Metaspace       used 32515K, committed 32960K, reserved 1081344K
  class space    used 3885K, committed 4096K, reserved 1048576K
}

Deoptimization events (20 events):
Event: 438.438 Thread 0x0000026e0c641050 Uncommon trap: trap_request=0xffffffc6 fr.pc=0x0000026da45cbea4 relative=0x0000000000000c44
Event: 438.438 Thread 0x0000026e0c641050 Uncommon trap: reason=bimorphic_or_optimized_type_check action=maybe_recompile pc=0x0000026da45cbea4 method=java.util.HashMap.removeNode(ILjava/lang/Object;Ljava/lang/Object;ZZ)Ljava/util/HashMap$Node; @ 143 c2
Event: 438.438 Thread 0x0000026e0c641050 DEOPT PACKING pc=0x0000026da45cbea4 sp=0x000000c908bfeb60
Event: 438.438 Thread 0x0000026e0c641050 DEOPT UNPACKING pc=0x0000026d9c8023a3 sp=0x000000c908bfeae8 mode 2
Event: 438.877 Thread 0x0000026db62c2a50 Uncommon trap: trap_request=0xffffff45 fr.pc=0x0000026da4735790 relative=0x0000000000001130
Event: 438.877 Thread 0x0000026db62c2a50 Uncommon trap: reason=unstable_if action=reinterpret pc=0x0000026da4735790 method=com.sun.prism.impl.ps.BaseShaderGraphics.len(FF)F @ 16 c2
Event: 438.877 Thread 0x0000026db62c2a50 DEOPT PACKING pc=0x0000026da4735790 sp=0x000000c906bfe630
Event: 438.877 Thread 0x0000026db62c2a50 DEOPT UNPACKING pc=0x0000026d9c8023a3 sp=0x000000c906bfe448 mode 2
Event: 438.877 Thread 0x0000026db62c2a50 Uncommon trap: trap_request=0xffffff45 fr.pc=0x0000026da45252c8 relative=0x0000000000000088
Event: 438.877 Thread 0x0000026db62c2a50 Uncommon trap: reason=unstable_if action=reinterpret pc=0x0000026da45252c8 method=com.sun.prism.impl.ps.BaseShaderGraphics.len(FF)F @ 16 c2
Event: 438.877 Thread 0x0000026db62c2a50 DEOPT PACKING pc=0x0000026da45252c8 sp=0x000000c906bfe4a0
Event: 438.877 Thread 0x0000026db62c2a50 DEOPT UNPACKING pc=0x0000026d9c8023a3 sp=0x000000c906bfe440 mode 2
Event: 439.287 Thread 0x0000026e0c641050 DEOPT PACKING pc=0x0000026d9d572c33 sp=0x000000c908bfe2e0
Event: 439.287 Thread 0x0000026e0c641050 DEOPT UNPACKING pc=0x0000026d9c802b43 sp=0x000000c908bfd750 mode 0
Event: 439.513 Thread 0x0000026e0c641050 DEOPT PACKING pc=0x0000026d9d7be6b8 sp=0x000000c908bfd860
Event: 439.513 Thread 0x0000026e0c641050 DEOPT UNPACKING pc=0x0000026d9c802b43 sp=0x000000c908bfcce0 mode 0
Event: 470.226 Thread 0x0000026db6508240 Uncommon trap: trap_request=0xffffff45 fr.pc=0x0000026da4576d5c relative=0x000000000000039c
Event: 470.226 Thread 0x0000026db6508240 Uncommon trap: reason=unstable_if action=reinterpret pc=0x0000026da4576d5c method=com.sun.javafx.application.PlatformImpl.checkIdle()V @ 40 c2
Event: 470.226 Thread 0x0000026db6508240 DEOPT PACKING pc=0x0000026da4576d5c sp=0x000000c906dfc990
Event: 470.226 Thread 0x0000026db6508240 DEOPT UNPACKING pc=0x0000026d9c8023a3 sp=0x000000c906dfc910 mode 2

Classes unloaded (0 events):
No events

Classes redefined (0 events):
No events

Internal exceptions (20 events):
Event: 207.540 Thread 0x0000026e091b3900 Exception <a 'sun/net/ConnectionResetException'{0x0000000744d26788}: Connection reset> (0x0000000744d26788) 
thrown [t:\workspace\open\src\hotspot\share\prims\jni.cpp, line 535]
Event: 209.176 Thread 0x0000026db6508240 Exception <a 'java/lang/NoSuchMethodError'{0x0000000744c10a98}: 'void java.lang.invoke.DirectMethodHandle$Holder.invokeStaticInit(java.lang.Object, java.lang.Object, java.lang.Object)'> (0x0000000744c10a98) 
thrown [t:\workspace\open\src\hotspot\share\interpreter\linkResolver.cpp, line 766]
Event: 209.242 Thread 0x0000026db6508240 Exception <a 'java/lang/ClassNotFoundException'{0x000000074dd59e40}: sun/net/www/protocol/about/Handler> (0x000000074dd59e40) 
thrown [t:\workspace\open\src\hotspot\share\classfile\systemDictionary.cpp, line 256]
Event: 209.409 Thread 0x0000026db6508240 Exception <a 'java/lang/ClassNotFoundException'{0x000000074dbeeb60}: sun/net/www/protocol/about/Handler> (0x000000074dbeeb60) 
thrown [t:\workspace\open\src\hotspot\share\classfile\systemDictionary.cpp, line 256]
Event: 209.774 Thread 0x0000026db6508240 Implicit null exception at 0x0000026da4597c20 to 0x0000026da4597d7c
Event: 215.160 Thread 0x0000026e0cfb81e0 Exception <a 'sun/net/ConnectionResetException'{0x000000074dd5c3d0}: Connection reset> (0x000000074dd5c3d0) 
thrown [t:\workspace\open\src\hotspot\share\prims\jni.cpp, line 535]
Event: 261.882 Thread 0x0000026db6508240 Exception <a 'java/lang/ClassNotFoundException'{0x0000000746ccca80}: sun/net/www/protocol/about/Handler> (0x0000000746ccca80) 
thrown [t:\workspace\open\src\hotspot\share\classfile\systemDictionary.cpp, line 256]
Event: 349.706 Thread 0x0000026db6508240 Exception <a 'java/lang/ClassNotFoundException'{0x00000007479811b8}: sun/net/www/protocol/about/Handler> (0x00000007479811b8) 
thrown [t:\workspace\open\src\hotspot\share\classfile\systemDictionary.cpp, line 256]
Event: 349.718 Thread 0x0000026db6508240 Exception <a 'java/lang/ClassNotFoundException'{0x000000074798af28}: sun/net/www/protocol/about/Handler> (0x000000074798af28) 
thrown [t:\workspace\open\src\hotspot\share\classfile\systemDictionary.cpp, line 256]
Event: 349.719 Thread 0x0000026db6508240 Exception <a 'java/lang/ClassNotFoundException'{0x000000074798c040}: sun/net/www/protocol/about/Handler> (0x000000074798c040) 
thrown [t:\workspace\open\src\hotspot\share\classfile\systemDictionary.cpp, line 256]
Event: 420.739 Thread 0x0000026db6508240 Exception <a 'java/lang/ClassNotFoundException'{0x000000074a0f7150}: sun/net/www/protocol/about/Handler> (0x000000074a0f7150) 
thrown [t:\workspace\open\src\hotspot\share\classfile\systemDictionary.cpp, line 256]
Event: 421.106 Thread 0x0000026db6508240 Exception <a 'java/lang/ClassNotFoundException'{0x0000000749ff67e8}: sun/net/www/protocol/about/Handler> (0x0000000749ff67e8) 
thrown [t:\workspace\open\src\hotspot\share\classfile\systemDictionary.cpp, line 256]
Event: 421.117 Thread 0x0000026db6508240 Exception <a 'java/lang/ClassNotFoundException'{0x00000007480ab370}: sun/net/www/protocol/about/Handler> (0x00000007480ab370) 
thrown [t:\workspace\open\src\hotspot\share\classfile\systemDictionary.cpp, line 256]
Event: 421.117 Thread 0x0000026db6508240 Exception <a 'java/lang/ClassNotFoundException'{0x00000007480aca00}: sun/net/www/protocol/about/Handler> (0x00000007480aca00) 
thrown [t:\workspace\open\src\hotspot\share\classfile\systemDictionary.cpp, line 256]
Event: 437.822 Thread 0x0000026db6508240 Exception <a 'java/lang/ClassNotFoundException'{0x000000074a55c550}: sun/net/www/protocol/about/Handler> (0x000000074a55c550) 
thrown [t:\workspace\open\src\hotspot\share\classfile\systemDictionary.cpp, line 256]
Event: 437.823 Thread 0x0000026db6508240 Exception <a 'java/lang/ClassNotFoundException'{0x000000074a55dbe0}: sun/net/www/protocol/about/Handler> (0x000000074a55dbe0) 
thrown [t:\workspace\open\src\hotspot\share\classfile\systemDictionary.cpp, line 256]
Event: 438.577 Thread 0x0000026e0c641050 Exception <a 'sun/net/ConnectionResetException'{0x0000000748117fd0}: Connection reset> (0x0000000748117fd0) 
thrown [t:\workspace\open\src\hotspot\share\prims\jni.cpp, line 535]
Event: 439.070 Thread 0x0000026e0c641050 Exception <a 'sun/net/ConnectionResetException'{0x00000007476a2ce8}: Connection reset> (0x00000007476a2ce8) 
thrown [t:\workspace\open\src\hotspot\share\prims\jni.cpp, line 535]
Event: 439.430 Thread 0x0000026e0c641050 Exception <a 'sun/net/ConnectionResetException'{0x00000007471b28a0}: Connection reset> (0x00000007471b28a0) 
thrown [t:\workspace\open\src\hotspot\share\prims\jni.cpp, line 535]
Event: 440.886 Thread 0x0000026db6508240 Exception <a 'java/lang/ClassNotFoundException'{0x0000000747ec87e8}: sun/net/www/protocol/about/Handler> (0x0000000747ec87e8) 
thrown [t:\workspace\open\src\hotspot\share\classfile\systemDictionary.cpp, line 256]

VM Operations (20 events):
Event: 446.172 Executing VM operation: G1CollectForAllocation
Event: 446.174 Executing VM operation: G1CollectForAllocation done
Event: 446.306 Executing VM operation: G1CollectForAllocation
Event: 446.307 Executing VM operation: G1CollectForAllocation done
Event: 446.423 Executing VM operation: G1CollectForAllocation
Event: 446.424 Executing VM operation: G1CollectForAllocation done
Event: 446.579 Executing VM operation: G1CollectForAllocation
Event: 446.580 Executing VM operation: G1CollectForAllocation done
Event: 446.662 Executing VM operation: G1CollectForAllocation
Event: 446.662 Executing VM operation: G1CollectForAllocation done
Event: 446.780 Executing VM operation: G1CollectForAllocation
Event: 446.781 Executing VM operation: G1CollectForAllocation done
Event: 451.191 Executing VM operation: G1CollectForAllocation
Event: 451.192 Executing VM operation: G1CollectForAllocation done
Event: 460.950 Executing VM operation: G1CollectForAllocation
Event: 460.951 Executing VM operation: G1CollectForAllocation done
Event: 467.786 Executing VM operation: G1CollectForAllocation
Event: 467.787 Executing VM operation: G1CollectForAllocation done
Event: 469.788 Executing VM operation: Cleanup
Event: 469.788 Executing VM operation: Cleanup done

Events (20 events):
Event: 469.904 Thread 0x0000026e0fcd82d0 Thread added: 0x0000026e0fcd82d0
Event: 469.905 Thread 0x0000026e0fcd82d0 Thread exited: 0x0000026e0fcd82d0
Event: 469.935 Thread 0x0000026e0fcd8c70 Thread added: 0x0000026e0fcd8c70
Event: 469.936 Thread 0x0000026e0fcd8c70 Thread exited: 0x0000026e0fcd8c70
Event: 469.975 Thread 0x0000026e0fcd8c70 Thread added: 0x0000026e0fcd8c70
Event: 469.975 Thread 0x0000026e0fcd8c70 Thread exited: 0x0000026e0fcd8c70
Event: 470.005 Thread 0x0000026e0fcd7e00 Thread added: 0x0000026e0fcd7e00
Event: 470.005 Thread 0x0000026e0fcd7e00 Thread exited: 0x0000026e0fcd7e00
Event: 470.036 Thread 0x0000026e1bcf8750 Thread added: 0x0000026e1bcf8750
Event: 470.036 Thread 0x0000026e1bcf8750 Thread exited: 0x0000026e1bcf8750
Event: 470.075 Thread 0x0000026e0fcd9ae0 Thread added: 0x0000026e0fcd9ae0
Event: 470.075 Thread 0x0000026e0fcd9ae0 Thread exited: 0x0000026e0fcd9ae0
Event: 470.104 Thread 0x0000026e0fcd4910 Thread added: 0x0000026e0fcd4910
Event: 470.105 Thread 0x0000026e0fcd4910 Thread exited: 0x0000026e0fcd4910
Event: 470.136 Thread 0x0000026e0fcd5780 Thread added: 0x0000026e0fcd5780
Event: 470.136 Thread 0x0000026e0fcd5780 Thread exited: 0x0000026e0fcd5780
Event: 470.175 Thread 0x0000026e0fcd6f90 Thread added: 0x0000026e0fcd6f90
Event: 470.175 Thread 0x0000026e0fcd6f90 Thread exited: 0x0000026e0fcd6f90
Event: 470.205 Thread 0x0000026e0fcd9ae0 Thread added: 0x0000026e0fcd9ae0
Event: 470.205 Thread 0x0000026e0fcd9ae0 Thread exited: 0x0000026e0fcd9ae0


Dynamic libraries:
0x00007ff77d480000 - 0x00007ff77d490000 	C:\Program Files\Java\jdk-17\bin\java.exe
0x00007ffad8d80000 - 0x00007ffad8f70000 	C:\Windows\SYSTEM32\ntdll.dll
0x00007ffac3980000 - 0x00007ffac3995000 	C:\Program Files\AVAST Software\Avast\aswhook.dll
0x00007ffad7220000 - 0x00007ffad72d2000 	C:\Windows\System32\KERNEL32.DLL
0x00007ffad6b80000 - 0x00007ffad6e23000 	C:\Windows\System32\KERNELBASE.dll
0x00007ffad66b0000 - 0x00007ffad67aa000 	C:\Windows\System32\ucrtbase.dll
0x00007ffad3750000 - 0x00007ffad3768000 	C:\Program Files\Java\jdk-17\bin\jli.dll
0x00007ffad83f0000 - 0x00007ffad8493000 	C:\Windows\System32\ADVAPI32.dll
0x00007ffacf4b0000 - 0x00007ffacf4ca000 	C:\Program Files\Java\jdk-17\bin\VCRUNTIME140.dll
0x00007ffad7750000 - 0x00007ffad77ee000 	C:\Windows\System32\msvcrt.dll
0x00007ffad7c60000 - 0x00007ffad7cf7000 	C:\Windows\System32\sechost.dll
0x00007ffad77f0000 - 0x00007ffad7910000 	C:\Windows\System32\RPCRT4.dll
0x00007ffad7a90000 - 0x00007ffad7c23000 	C:\Windows\System32\USER32.dll
0x00007ffad6630000 - 0x00007ffad6651000 	C:\Windows\System32\win32u.dll
0x00007ffad7c30000 - 0x00007ffad7c56000 	C:\Windows\System32\GDI32.dll
0x00007ffac4af0000 - 0x00007ffac4d75000 	C:\Windows\WinSxS\amd64_microsoft.windows.common-controls_6595b64144ccf1df_6.0.18362.295_none_e6c3acbd13101292\COMCTL32.dll
0x00007ffad8a00000 - 0x00007ffad8d36000 	C:\Windows\System32\combase.dll
0x00007ffad6490000 - 0x00007ffad6624000 	C:\Windows\System32\gdi32full.dll
0x00007ffad6a40000 - 0x00007ffad6ac0000 	C:\Windows\System32\bcryptPrimitives.dll
0x00007ffad6ac0000 - 0x00007ffad6b5e000 	C:\Windows\System32\msvcp_win.dll
0x00007ffacee40000 - 0x00007ffacee4a000 	C:\Windows\SYSTEM32\VERSION.dll
0x00007ffad6ee0000 - 0x00007ffad6f0e000 	C:\Windows\System32\IMM32.DLL
0x00007ffad3740000 - 0x00007ffad374c000 	C:\Program Files\Java\jdk-17\bin\vcruntime140_1.dll
0x00007ffabe110000 - 0x00007ffabe19d000 	C:\Program Files\Java\jdk-17\bin\msvcp140.dll
0x00007ffa78640000 - 0x00007ffa791fe000 	C:\Program Files\Java\jdk-17\bin\server\jvm.dll
0x00007ffad7980000 - 0x00007ffad7988000 	C:\Windows\System32\PSAPI.DLL
0x00007ffac5170000 - 0x00007ffac5179000 	C:\Windows\SYSTEM32\WSOCK32.dll
0x00007ffad20e0000 - 0x00007ffad2104000 	C:\Windows\SYSTEM32\WINMM.dll
0x00007ffad71b0000 - 0x00007ffad721f000 	C:\Windows\System32\WS2_32.dll
0x00007ffad20b0000 - 0x00007ffad20dd000 	C:\Windows\SYSTEM32\winmmbase.dll
0x00007ffad6660000 - 0x00007ffad66aa000 	C:\Windows\System32\cfgmgr32.dll
0x00007ffad5c60000 - 0x00007ffad5c71000 	C:\Windows\System32\kernel.appcore.dll
0x00007ffad3710000 - 0x00007ffad371a000 	C:\Program Files\Java\jdk-17\bin\jimage.dll
0x00007ffad48c0000 - 0x00007ffad4ab4000 	C:\Windows\SYSTEM32\DBGHELP.DLL
0x00007ffaca250000 - 0x00007ffaca27a000 	C:\Windows\SYSTEM32\dbgcore.DLL
0x00007ffacee50000 - 0x00007ffacee5e000 	C:\Program Files\Java\jdk-17\bin\instrument.dll
0x00007ffaca0c0000 - 0x00007ffaca0e5000 	C:\Program Files\Java\jdk-17\bin\java.dll
0x00007ffab4cf0000 - 0x00007ffab4dc6000 	C:\Program Files\Java\jdk-17\bin\svml.dll
0x00007ffad7d00000 - 0x00007ffad83e2000 	C:\Windows\System32\SHELL32.dll
0x00007ffad8650000 - 0x00007ffad86f9000 	C:\Windows\System32\shcore.dll
0x00007ffad5d10000 - 0x00007ffad648c000 	C:\Windows\System32\windows.storage.dll
0x00007ffad5ca0000 - 0x00007ffad5cbf000 	C:\Windows\System32\profapi.dll
0x00007ffad5cc0000 - 0x00007ffad5d0a000 	C:\Windows\System32\powrprof.dll
0x00007ffad5c50000 - 0x00007ffad5c60000 	C:\Windows\System32\UMPDC.dll
0x00007ffad7a30000 - 0x00007ffad7a82000 	C:\Windows\System32\shlwapi.dll
0x00007ffad6b60000 - 0x00007ffad6b77000 	C:\Windows\System32\cryptsp.dll
0x00007ffaca0a0000 - 0x00007ffaca0b9000 	C:\Program Files\Java\jdk-17\bin\net.dll
0x00007ffaca860000 - 0x00007ffaca950000 	C:\Windows\SYSTEM32\WINHTTP.dll
0x00007ffad54c0000 - 0x00007ffad5527000 	C:\Windows\system32\mswsock.dll
0x00007ffaca080000 - 0x00007ffaca095000 	C:\Program Files\Java\jdk-17\bin\nio.dll
0x00007ffac9790000 - 0x00007ffac97a8000 	C:\Program Files\Java\jdk-17\bin\zip.dll
0x00007ffac86d0000 - 0x00007ffac86ea000 	D:\Program Files\JetBrains\IntelliJ IDEA Community Edition 2021.1.2\bin\breakgen64.dll
0x0000026d94eb0000 - 0x0000026d94eb3000 	C:\Users\Asus\.openjfx\cache\17-ea\api-ms-win-core-console-l1-1-0.dll
0x0000026d94ec0000 - 0x0000026d94ec3000 	C:\Users\Asus\.openjfx\cache\17-ea\api-ms-win-core-console-l1-2-0.dll
0x0000026d94ed0000 - 0x0000026d94ed3000 	C:\Users\Asus\.openjfx\cache\17-ea\api-ms-win-core-datetime-l1-1-0.dll
0x0000026d94ee0000 - 0x0000026d94ee3000 	C:\Users\Asus\.openjfx\cache\17-ea\api-ms-win-core-debug-l1-1-0.dll
0x0000026d94ef0000 - 0x0000026d94ef3000 	C:\Users\Asus\.openjfx\cache\17-ea\api-ms-win-core-errorhandling-l1-1-0.dll
0x0000026d94f00000 - 0x0000026d94f04000 	C:\Users\Asus\.openjfx\cache\17-ea\api-ms-win-core-file-l1-1-0.dll
0x0000026d94f10000 - 0x0000026d94f13000 	C:\Users\Asus\.openjfx\cache\17-ea\api-ms-win-core-file-l1-2-0.dll
0x0000026d94f20000 - 0x0000026d94f23000 	C:\Users\Asus\.openjfx\cache\17-ea\api-ms-win-core-file-l2-1-0.dll
0x0000026d94f30000 - 0x0000026d94f33000 	C:\Users\Asus\.openjfx\cache\17-ea\api-ms-win-core-handle-l1-1-0.dll
0x0000026d94f40000 - 0x0000026d94f43000 	C:\Users\Asus\.openjfx\cache\17-ea\api-ms-win-core-heap-l1-1-0.dll
0x0000026d94f50000 - 0x0000026d94f53000 	C:\Users\Asus\.openjfx\cache\17-ea\api-ms-win-core-interlocked-l1-1-0.dll
0x0000026d94f60000 - 0x0000026d94f63000 	C:\Users\Asus\.openjfx\cache\17-ea\api-ms-win-core-libraryloader-l1-1-0.dll
0x0000026d94f70000 - 0x0000026d94f73000 	C:\Users\Asus\.openjfx\cache\17-ea\api-ms-win-core-localization-l1-2-0.dll
0x0000026db4f00000 - 0x0000026db4f03000 	C:\Users\Asus\.openjfx\cache\17-ea\api-ms-win-core-memory-l1-1-0.dll
0x0000026db4f10000 - 0x0000026db4f13000 	C:\Users\Asus\.openjfx\cache\17-ea\api-ms-win-core-namedpipe-l1-1-0.dll
0x0000026db4f20000 - 0x0000026db4f23000 	C:\Users\Asus\.openjfx\cache\17-ea\api-ms-win-core-processenvironment-l1-1-0.dll
0x0000026db4f30000 - 0x0000026db4f33000 	C:\Users\Asus\.openjfx\cache\17-ea\api-ms-win-core-processthreads-l1-1-0.dll
0x0000026db4f40000 - 0x0000026db4f43000 	C:\Users\Asus\.openjfx\cache\17-ea\api-ms-win-core-processthreads-l1-1-1.dll
0x0000026db4f50000 - 0x0000026db4f53000 	C:\Users\Asus\.openjfx\cache\17-ea\api-ms-win-core-profile-l1-1-0.dll
0x0000026db4f60000 - 0x0000026db4f63000 	C:\Users\Asus\.openjfx\cache\17-ea\api-ms-win-core-rtlsupport-l1-1-0.dll
0x0000026db4f70000 - 0x0000026db4f73000 	C:\Users\Asus\.openjfx\cache\17-ea\api-ms-win-core-string-l1-1-0.dll
0x0000026db4f80000 - 0x0000026db4f83000 	C:\Users\Asus\.openjfx\cache\17-ea\api-ms-win-core-synch-l1-1-0.dll
0x0000026db4f90000 - 0x0000026db4f93000 	C:\Users\Asus\.openjfx\cache\17-ea\api-ms-win-core-synch-l1-2-0.dll
0x0000026db4fa0000 - 0x0000026db4fa3000 	C:\Users\Asus\.openjfx\cache\17-ea\api-ms-win-core-sysinfo-l1-1-0.dll
0x0000026db4fb0000 - 0x0000026db4fb3000 	C:\Users\Asus\.openjfx\cache\17-ea\api-ms-win-core-timezone-l1-1-0.dll
0x0000026db4fc0000 - 0x0000026db4fc3000 	C:\Users\Asus\.openjfx\cache\17-ea\api-ms-win-core-util-l1-1-0.dll
0x0000026db4fd0000 - 0x0000026db4fd3000 	C:\Users\Asus\.openjfx\cache\17-ea\api-ms-win-crt-conio-l1-1-0.dll
0x0000026db4fe0000 - 0x0000026db4fe4000 	C:\Users\Asus\.openjfx\cache\17-ea\api-ms-win-crt-convert-l1-1-0.dll
0x0000026db4ff0000 - 0x0000026db4ff3000 	C:\Users\Asus\.openjfx\cache\17-ea\api-ms-win-crt-environment-l1-1-0.dll
0x0000026db73d0000 - 0x0000026db73d3000 	C:\Users\Asus\.openjfx\cache\17-ea\api-ms-win-crt-filesystem-l1-1-0.dll
0x0000026db73e0000 - 0x0000026db73e3000 	C:\Users\Asus\.openjfx\cache\17-ea\api-ms-win-crt-heap-l1-1-0.dll
0x0000026db73f0000 - 0x0000026db73f3000 	C:\Users\Asus\.openjfx\cache\17-ea\api-ms-win-crt-locale-l1-1-0.dll
0x0000026db7400000 - 0x0000026db7405000 	C:\Users\Asus\.openjfx\cache\17-ea\api-ms-win-crt-math-l1-1-0.dll
0x0000026db7410000 - 0x0000026db7415000 	C:\Users\Asus\.openjfx\cache\17-ea\api-ms-win-crt-multibyte-l1-1-0.dll
0x0000026db7420000 - 0x0000026db7430000 	C:\Users\Asus\.openjfx\cache\17-ea\api-ms-win-crt-private-l1-1-0.dll
0x0000026db7430000 - 0x0000026db7433000 	C:\Users\Asus\.openjfx\cache\17-ea\api-ms-win-crt-process-l1-1-0.dll
0x0000026db7440000 - 0x0000026db7444000 	C:\Users\Asus\.openjfx\cache\17-ea\api-ms-win-crt-runtime-l1-1-0.dll
0x0000026db7450000 - 0x0000026db7454000 	C:\Users\Asus\.openjfx\cache\17-ea\api-ms-win-crt-stdio-l1-1-0.dll
0x0000026db7460000 - 0x0000026db7464000 	C:\Users\Asus\.openjfx\cache\17-ea\api-ms-win-crt-string-l1-1-0.dll
0x0000026db7470000 - 0x0000026db7473000 	C:\Users\Asus\.openjfx\cache\17-ea\api-ms-win-crt-time-l1-1-0.dll
0x0000026db7480000 - 0x0000026db7483000 	C:\Users\Asus\.openjfx\cache\17-ea\api-ms-win-crt-utility-l1-1-0.dll
0x00007ffa96aa0000 - 0x00007ffa96b9c000 	C:\Users\Asus\.openjfx\cache\17-ea\ucrtbase.dll
0x00007ffac86a0000 - 0x00007ffac86ba000 	C:\Users\Asus\.openjfx\cache\17-ea\vcruntime140.dll
0x00007ffac8690000 - 0x00007ffac869c000 	C:\Users\Asus\.openjfx\cache\17-ea\vcruntime140_1.dll
0x00007ffabbc10000 - 0x00007ffabbc9d000 	C:\Users\Asus\.openjfx\cache\17-ea\msvcp140.dll
0x00007ffabe0e0000 - 0x00007ffabe107000 	C:\Users\Asus\.openjfx\cache\17-ea\prism_d3d.dll
0x00007ffa9b310000 - 0x00007ffa9b4d6000 	C:\Windows\system32\d3d9.dll
0x00007ffad3ca0000 - 0x00007ffad3ccd000 	C:\Windows\SYSTEM32\dwmapi.dll
0x00007ffad4510000 - 0x00007ffad4530000 	C:\Windows\SYSTEM32\dxcore.dll
0x00007ffad3950000 - 0x00007ffad39e9000 	C:\Windows\system32\uxtheme.dll
0x00007ffa9b120000 - 0x00007ffa9b30b000 	C:\Windows\System32\DriverStore\FileRepository\igdlh64.inf_amd64_31ba00ea6900d67d\igdumdim64.dll
0x0000026db7540000 - 0x0000026dbaabd000 	C:\Windows\System32\DriverStore\FileRepository\igdlh64.inf_amd64_31ba00ea6900d67d\igd9dxva64.dll
0x00007ffad87d0000 - 0x00007ffad8926000 	C:\Windows\System32\ole32.dll
0x00007ffad8700000 - 0x00007ffad87c4000 	C:\Windows\System32\OLEAUT32.dll
0x00007ffab4980000 - 0x00007ffab49c2000 	C:\Users\Asus\.openjfx\cache\17-ea\glass.dll
0x00007ffad8930000 - 0x00007ffad89ff000 	C:\Windows\System32\COMDLG32.dll
0x00007ffad7000000 - 0x00007ffad7136000 	C:\Windows\System32\MSCTF.dll
0x00007ffaaa980000 - 0x00007ffaaa9a4000 	C:\Windows\System32\DriverStore\FileRepository\igdlh64.inf_amd64_31ba00ea6900d67d\igdinfo64.dll
0x00007ffacb7c0000 - 0x00007ffacd6c1000 	C:\Windows\System32\DriverStore\FileRepository\igdlh64.inf_amd64_31ba00ea6900d67d\igc64.dll
0x00007ffa5ffb0000 - 0x00007ffa63d07000 	C:\Users\Asus\.openjfx\cache\17-ea\jfxwebkit.dll
0x00007ffad5030000 - 0x00007ffad5063000 	C:\Windows\system32\rsaenh.dll
0x00007ffad67b0000 - 0x00007ffad67d6000 	C:\Windows\System32\bcrypt.dll
0x00007ffad5690000 - 0x00007ffad569c000 	C:\Windows\SYSTEM32\CRYPTBASE.dll
0x00007ffac8620000 - 0x00007ffac8634000 	C:\Users\Asus\.openjfx\cache\17-ea\javafx_font.dll
0x00007ffac3af0000 - 0x00007ffac3dee000 	C:\Windows\SYSTEM32\dwrite.dll
0x00007ffad5b40000 - 0x00007ffad5b65000 	C:\Windows\SYSTEM32\USERENV.dll
0x00007ffad51d0000 - 0x00007ffad520a000 	C:\Windows\SYSTEM32\IPHLPAPI.DLL
0x00007ffad71a0000 - 0x00007ffad71a8000 	C:\Windows\System32\NSI.dll
0x00007ffacabd0000 - 0x00007ffacabe6000 	C:\Windows\SYSTEM32\dhcpcsvc6.DLL
0x00007ffacaee0000 - 0x00007ffacaefc000 	C:\Windows\SYSTEM32\dhcpcsvc.DLL
0x00007ffad5210000 - 0x00007ffad52da000 	C:\Windows\SYSTEM32\DNSAPI.dll
0x00007ffac8680000 - 0x00007ffac868e000 	C:\Program Files\Java\jdk-17\bin\sunmscapi.dll
0x00007ffad6890000 - 0x00007ffad69d9000 	C:\Windows\System32\CRYPT32.dll
0x00007ffad5c80000 - 0x00007ffad5c92000 	C:\Windows\System32\MSASN1.dll
0x00007ffad5790000 - 0x00007ffad57b6000 	C:\Windows\SYSTEM32\ncrypt.dll
0x00007ffad5750000 - 0x00007ffad578b000 	C:\Windows\SYSTEM32\NTASN1.dll

dbghelp: loaded successfully - version: 4.0.5 - missing functions: none
symbol engine: initialized successfully - sym options: 0x614 - pdb path: .;C:\Program Files\Java\jdk-17\bin;C:\Windows\SYSTEM32;C:\Program Files\AVAST Software\Avast;C:\Windows\WinSxS\amd64_microsoft.windows.common-controls_6595b64144ccf1df_6.0.18362.295_none_e6c3acbd13101292;C:\Program Files\Java\jdk-17\bin\server;D:\Program Files\JetBrains\IntelliJ IDEA Community Edition 2021.1.2\bin;C:\Users\Asus\.openjfx\cache\17-ea;C:\Windows\System32\DriverStore\FileRepository\igdlh64.inf_amd64_31ba00ea6900d67d;C:\Program Files\Common Files\Microsoft Shared\Ink

VM Arguments:
jvm_args: -javaagent:D:\Program Files\JetBrains\IntelliJ IDEA Community Edition 2021.1.2\lib\idea_rt.jar=49474:D:\Program Files\JetBrains\IntelliJ IDEA Community Edition 2021.1.2\bin -Dfile.encoding=UTF-8 --module-path=C:\Users\Asus\.m2\repository\org\openjfx\javafx-graphics\17-ea+11\javafx-graphics-17-ea+11-win.jar;C:\Users\Asus\.m2\repository\org\openjfx\javafx-media\17-ea+11\javafx-media-17-ea+11-win.jar;C:\Users\Asus\.m2\repository\org\openjfx\javafx-fxml\17-ea+11\javafx-fxml-17-ea+11-win.jar;D:\JavaProjects\javafx5\target\classes;C:\Users\Asus\.m2\repository\org\openjfx\javafx-web\17-ea+11\javafx-web-17-ea+11-win.jar;C:\Users\Asus\.m2\repository\org\openjfx\javafx-controls\17-ea+11\javafx-controls-17-ea+11-win.jar;C:\Users\Asus\.m2\repository\org\openjfx\javafx-base\17-ea+11\javafx-base-17-ea+11-win.jar -Djdk.module.main=com.example.javafx5 
java_command: com.example.javafx5/com.example.javafx5.HelloApplication --add-modules javafx.controls,javafx.media
java_class_path (initial): C:\Users\Asus\.m2\repository\org\openjfx\javafx-controls\17-ea+11\javafx-controls-17-ea+11.jar;C:\Users\Asus\.m2\repository\org\openjfx\javafx-graphics\17-ea+11\javafx-graphics-17-ea+11.jar;C:\Users\Asus\.m2\repository\org\openjfx\javafx-base\17-ea+11\javafx-base-17-ea+11.jar;C:\Users\Asus\.m2\repository\org\openjfx\javafx-fxml\17-ea+11\javafx-fxml-17-ea+11.jar;C:\Users\Asus\.m2\repository\org\openjfx\javafx-media\17-ea+11\javafx-media-17-ea+11.jar;C:\Users\Asus\.m2\repository\org\openjfx\javafx-web\17-ea+11\javafx-web-17-ea+11.jar
Launcher Type: SUN_STANDARD

[Global flags]
     intx CICompilerCount                          = 3                                         {product} {ergonomic}
     uint ConcGCThreads                            = 1                                         {product} {ergonomic}
     uint G1ConcRefinementThreads                  = 4                                         {product} {ergonomic}
   size_t G1HeapRegionSize                         = 2097152                                   {product} {ergonomic}
    uintx GCDrainStackTargetSize                   = 64                                        {product} {ergonomic}
   size_t InitialHeapSize                          = 201326592                                 {product} {ergonomic}
   size_t MarkStackSize                            = 4194304                                   {product} {ergonomic}
   size_t MaxHeapSize                              = 3189768192                                {product} {ergonomic}
   size_t MaxNewSize                               = 1912602624                                {product} {ergonomic}
   size_t MinHeapDeltaBytes                        = 2097152                                   {product} {ergonomic}
   size_t MinHeapSize                              = 8388608                                   {product} {ergonomic}
    uintx NonNMethodCodeHeapSize                   = 5832780                                {pd product} {ergonomic}
    uintx NonProfiledCodeHeapSize                  = 122912730                              {pd product} {ergonomic}
    uintx ProfiledCodeHeapSize                     = 122912730                              {pd product} {ergonomic}
    uintx ReservedCodeCacheSize                    = 251658240                              {pd product} {ergonomic}
     bool SegmentedCodeCache                       = true                                      {product} {ergonomic}
   size_t SoftMaxHeapSize                          = 3189768192                             {manageable} {ergonomic}
     bool UseCompressedClassPointers               = true                           {product lp64_product} {ergonomic}
     bool UseCompressedOops                        = true                           {product lp64_product} {ergonomic}
     bool UseG1GC                                  = true                                      {product} {ergonomic}
     bool UseLargePagesIndividualAllocation        = false                                  {pd product} {ergonomic}

Logging:
Log output configuration:
 #0: stdout all=warning uptime,level,tags
 #1: stderr all=off uptime,level,tags

Environment Variables:
PATH=C:\Program Files\Common Files\Oracle\Java\javapath;C:\Program Files (x86)\Common Files\Oracle\Java\javapath;C:\ProgramData\Oracle\Java\javapath;C:\Program Files\AdoptOpenJDK\jre-8.0.222.10-hotspot\bin;C:\Program Files\AdoptOpenJDK\jre-11.0.4.11-hotspot\bin;C:\Program Files (x86)\AdoptOpenJDK\jre-8.0.222.10-hotspot\bin;C:\Program Files (x86)\Intel\iCLS Client\;C:\Program Files\Intel\iCLS Client\;C:\Windows\system32;C:\Windows;C:\Windows\System32\Wbem;C:\Windows\System32\WindowsPowerShell\v1.0\;C:\Windows\System32\OpenSSH\;C:\Program Files (x86)\Intel\Intel(R) Management Engine Components\DAL;C:\Program Files\Intel\Intel(R) Management Engine Components\DAL;C:\Program Files (x86)\Intel\Intel(R) Management Engine Components\IPT;C:\Program Files\Intel\Intel(R) Management Engine Components\IPT;C:\Program Files\NVIDIA Corporation\NVIDIA NvDLISR;D:\Program Files\WorldPainter;C:\Program Files\Microsoft SQL Server\130\Tools\Binn\;D:\Program Files\Git\cmd;C:\Program Files\Amazon\AWSCLIV2\;C:\Users\Asus\AppData\Local\Microsoft\WindowsApps;C:\Users\Asus\AppData\Local\GitHubDesktop\bin;C:\Users\Asus\AppData\Local\Programs\Microsoft VS Code\bin
USERNAME=Asus
OS=Windows_NT
PROCESSOR_IDENTIFIER=Intel64 Family 6 Model 142 Stepping 10, GenuineIntel



---------------  S Y S T E M  ---------------

OS:
 Windows 10 , 64 bit Build 18362 (10.0.18362.86)
OS uptime: 0 days 13:19 hours

CPU: total 4 (initial active 4) (2 cores per cpu, 2 threads per core) family 6 model 142 stepping 10 microcode 0xb4, cx8, cmov, fxsr, ht, mmx, 3dnowpref, sse, sse2, sse3, ssse3, sse4.1, sse4.2, popcnt, lzcnt, tsc, tscinvbit, avx, avx2, aes, erms, clmul, bmi1, bmi2, adx, fma, vzeroupper, clflush, clflushopt

Memory: 4k page, system-wide physical 12166M (4624M free)
TotalPageFile size 14022M (AvailPageFile size 5211M)
current process WorkingSet (physical memory assigned to process): 848M, peak: 848M
current process commit charge ("private bytes"): 889M, peak: 891M

vm_info: Java HotSpot(TM) 64-Bit Server VM (17+35-LTS-2724) for windows-amd64 JRE (17+35-LTS-2724), built on Aug  5 2021 23:28:28 by "mach5one" with MS VC++ 16.8 (VS2019)

END.
